<?xml version="1.0" encoding="UTF-8"?>
<testsuite name="com.assignment.course.domain.course.service.CourseServiceTest" tests="11" skipped="0" failures="0" errors="0" timestamp="2026-04-29T06:01:51" hostname="MacAir3.local" time="0.537">
  <properties/>
  <testcase name="강의_상태_변경_DRAFT_to_OPEN()" classname="com.assignment.course.domain.course.service.CourseServiceTest" time="0.387"/>
  <testcase name="본인_강의가_아니면_상태_변경_불가()" classname="com.assignment.course.domain.course.service.CourseServiceTest" time="0.012"/>
  <testcase name="존재하지_않는_유저는_강의_등록_불가()" classname="com.assignment.course.domain.course.service.CourseServiceTest" time="0.004"/>
  <testcase name="강의_목록_상태_필터_조회()" classname="com.assignment.course.domain.course.service.CourseServiceTest" time="0.025"/>
  <testcase name="유효하지_않은_상태_전환_실패()" classname="com.assignment.course.domain.course.service.CourseServiceTest" time="0.018"/>
  <testcase name="수강생은_강의_등록_불가()" classname="com.assignment.course.domain.course.service.CourseServiceTest" time="0.009"/>
  <testcase name="강의_목록_전체_조회()" classname="com.assignment.course.domain.course.service.CourseServiceTest" time="0.025"/>
  <testcase name="강의_등록_성공()" classname="com.assignment.course.domain.course.service.CourseServiceTest" time="0.011"/>
  <testcase name="강의_상태_변경_OPEN_to_CLOSED()" classname="com.assignment.course.domain.course.service.CourseServiceTest" time="0.027"/>
  <testcase name="존재하지_않는_강의_조회_실패()" classname="com.assignment.course.domain.course.service.CourseServiceTest" time="0.004"/>
  <testcase name="강의_상세_조회_성공()" classname="com.assignment.course.domain.course.service.CourseServiceTest" time="0.008"/>
  <system-out><![CDATA[15:01:49.608 [Test worker] INFO org.springframework.test.context.support.AnnotationConfigContextLoaderUtils -- Could not detect default configuration classes for test class [com.assignment.course.domain.course.service.CourseServiceTest]: CourseServiceTest does not declare any static, non-private, non-final, nested classes annotated with @Configuration.
15:01:49.653 [Test worker] INFO org.springframework.boot.test.context.SpringBootTestContextBootstrapper -- Found @SpringBootConfiguration com.assignment.course.CourseApplication for test class com.assignment.course.domain.course.service.CourseServiceTest
  .   ____          _            __ _ _
 /\\ / ___'_ __ _ _(_)_ __  __ _ \ \ \ \
( ( )\___ | '_ | '_| | '_ \/ _` | \ \ \ \
 \\/  ___)| |_)| | | | | || (_| |  ) ) ) )
  '  |____| .__|_| |_|_| |_\__, | / / / /
 =========|_|==============|___/=/_/_/_/

 :: Spring Boot ::                (v3.3.0)

2026-04-29T15:01:49.801+09:00  INFO 34094 --- [    Test worker] c.a.c.d.c.service.CourseServiceTest      : Starting CourseServiceTest using Java 17.0.14 with PID 34094 (started by saker in /Users/saker/Documents/Course_CRUD)
2026-04-29T15:01:49.802+09:00  INFO 34094 --- [    Test worker] c.a.c.d.c.service.CourseServiceTest      : No active profile set, falling back to 1 default profile: "default"
2026-04-29T15:01:50.031+09:00  INFO 34094 --- [    Test worker] .s.d.r.c.RepositoryConfigurationDelegate : Bootstrapping Spring Data JPA repositories in DEFAULT mode.
2026-04-29T15:01:50.051+09:00  INFO 34094 --- [    Test worker] .s.d.r.c.RepositoryConfigurationDelegate : Finished Spring Data repository scanning in 16 ms. Found 3 JPA repository interfaces.
2026-04-29T15:01:50.204+09:00  INFO 34094 --- [    Test worker] o.hibernate.jpa.internal.util.LogHelper  : HHH000204: Processing PersistenceUnitInfo [name: default]
2026-04-29T15:01:50.225+09:00  INFO 34094 --- [    Test worker] org.hibernate.Version                    : HHH000412: Hibernate ORM core version 6.5.2.Final
2026-04-29T15:01:50.237+09:00  INFO 34094 --- [    Test worker] o.h.c.internal.RegionFactoryInitiator    : HHH000026: Second-level cache disabled
2026-04-29T15:01:50.339+09:00  INFO 34094 --- [    Test worker] o.s.o.j.p.SpringPersistenceUnitInfo      : No LoadTimeWeaver setup: ignoring JPA class transformer
2026-04-29T15:01:50.348+09:00  INFO 34094 --- [    Test worker] com.zaxxer.hikari.HikariDataSource       : HikariPool-1 - Starting...
2026-04-29T15:01:50.414+09:00  INFO 34094 --- [    Test worker] com.zaxxer.hikari.pool.HikariPool        : HikariPool-1 - Added connection com.mysql.cj.jdbc.ConnectionImpl@5560b64d
2026-04-29T15:01:50.415+09:00  INFO 34094 --- [    Test worker] com.zaxxer.hikari.HikariDataSource       : HikariPool-1 - Start completed.
2026-04-29T15:01:50.440+09:00  WARN 34094 --- [    Test worker] org.hibernate.orm.deprecation            : HHH90000025: MySQLDialect does not need to be specified explicitly using 'hibernate.dialect' (remove the property setting and it will be selected by default)
2026-04-29T15:01:50.744+09:00  INFO 34094 --- [    Test worker] o.h.e.t.j.p.i.JtaPlatformInitiator       : HHH000489: No JTA platform available (set 'hibernate.transaction.jta.platform' to enable JTA platform integration)
2026-04-29T15:01:50.772+09:00 DEBUG 34094 --- [    Test worker] org.hibernate.SQL                        : 
    alter table Course 
       modify column Description TEXT not null
Hibernate: 
    alter table Course 
       modify column Description TEXT not null
2026-04-29T15:01:50.788+09:00 DEBUG 34094 --- [    Test worker] org.hibernate.SQL                        : 
    alter table User 
       modify column Role enum ('CLASSMATE','CREATOR') not null
Hibernate: 
    alter table User 
       modify column Role enum ('CLASSMATE','CREATOR') not null
2026-04-29T15:01:50.795+09:00  INFO 34094 --- [    Test worker] j.LocalContainerEntityManagerFactoryBean : Initialized JPA EntityManagerFactory for persistence unit 'default'
2026-04-29T15:01:50.987+09:00  WARN 34094 --- [    Test worker] JpaBaseConfiguration$JpaWebConfiguration : spring.jpa.open-in-view is enabled by default. Therefore, database queries may be performed during view rendering. Explicitly configure spring.jpa.open-in-view to disable this warning
2026-04-29T15:01:51.154+09:00  INFO 34094 --- [    Test worker] c.a.c.d.c.service.CourseServiceTest      : Started CourseServiceTest in 1.426 seconds (process running for 1.892)
2026-04-29T15:01:51.174+09:00 DEBUG 34094 --- [   scheduling-1] org.hibernate.SQL                        : 
    select
        e1_0.Enrollment_No,
        e1_0.Cancelled_Date,
        e1_0.Confirmed_Date,
        e1_0.Course_No,
        e1_0.Created_Date,
        e1_0.Status,
        e1_0.Updated_Date,
        e1_0.User_Id,
        e1_0.Waitlist_Order 
    from
        Enrollment e1_0 
    where
        e1_0.Status=? 
        and e1_0.Created_Date<?
Hibernate: 
    select
        e1_0.Enrollment_No,
        e1_0.Cancelled_Date,
        e1_0.Confirmed_Date,
        e1_0.Course_No,
        e1_0.Created_Date,
        e1_0.Status,
        e1_0.Updated_Date,
        e1_0.User_Id,
        e1_0.Waitlist_Order 
    from
        Enrollment e1_0 
    where
        e1_0.Status=? 
        and e1_0.Created_Date<?
2026-04-29T15:01:51.176+09:00 TRACE 34094 --- [   scheduling-1] org.hibernate.orm.jdbc.bind              : binding parameter (1:ENUM) <- [PENDING]
2026-04-29T15:01:51.176+09:00 TRACE 34094 --- [   scheduling-1] org.hibernate.orm.jdbc.bind              : binding parameter (2:TIMESTAMP) <- [2026-04-29T14:31:51.129921]
2026-04-29T15:01:51.195+09:00 DEBUG 34094 --- [   scheduling-1] org.hibernate.SQL                        : 
    update
        Enrollment 
    set
        Cancelled_Date=?,
        Confirmed_Date=?,
        Course_No=?,
        Status=?,
        Updated_Date=?,
        User_Id=?,
        Waitlist_Order=? 
    where
        Enrollment_No=?
Hibernate: 
    update
        Enrollment 
    set
        Cancelled_Date=?,
        Confirmed_Date=?,
        Course_No=?,
        Status=?,
        Updated_Date=?,
        User_Id=?,
        Waitlist_Order=? 
    where
        Enrollment_No=?
2026-04-29T15:01:51.196+09:00 TRACE 34094 --- [   scheduling-1] org.hibernate.orm.jdbc.bind              : binding parameter (1:TIMESTAMP) <- [2026-04-29T15:01:51.188327]
2026-04-29T15:01:51.196+09:00 TRACE 34094 --- [   scheduling-1] org.hibernate.orm.jdbc.bind              : binding parameter (2:TIMESTAMP) <- [null]
2026-04-29T15:01:51.196+09:00 TRACE 34094 --- [   scheduling-1] org.hibernate.orm.jdbc.bind              : binding parameter (3:BIGINT) <- [1]
2026-04-29T15:01:51.196+09:00 TRACE 34094 --- [   scheduling-1] org.hibernate.orm.jdbc.bind              : binding parameter (4:ENUM) <- [CANCELLED]
2026-04-29T15:01:51.196+09:00 TRACE 34094 --- [   scheduling-1] org.hibernate.orm.jdbc.bind              : binding parameter (5:TIMESTAMP) <- [2026-04-29T15:01:51.188337]
2026-04-29T15:01:51.196+09:00 TRACE 34094 --- [   scheduling-1] org.hibernate.orm.jdbc.bind              : binding parameter (6:VARCHAR) <- [yoon_class1]
2026-04-29T15:01:51.196+09:00 TRACE 34094 --- [   scheduling-1] org.hibernate.orm.jdbc.bind              : binding parameter (7:INTEGER) <- [null]
2026-04-29T15:01:51.196+09:00 TRACE 34094 --- [   scheduling-1] org.hibernate.orm.jdbc.bind              : binding parameter (8:BIGINT) <- [5]
2026-04-29T15:01:51.199+09:00 DEBUG 34094 --- [   scheduling-1] org.hibernate.SQL                        : 
    select
        e1_0.Enrollment_No,
        e1_0.Cancelled_Date,
        e1_0.Confirmed_Date,
        e1_0.Course_No,
        e1_0.Created_Date,
        e1_0.Status,
        e1_0.Updated_Date,
        e1_0.User_Id,
        e1_0.Waitlist_Order 
    from
        Enrollment e1_0 
    where
        e1_0.Course_No=? 
        and e1_0.Status=? 
    order by
        e1_0.Waitlist_Order 
    limit
        ?
Hibernate: 
    select
        e1_0.Enrollment_No,
        e1_0.Cancelled_Date,
        e1_0.Confirmed_Date,
        e1_0.Course_No,
        e1_0.Created_Date,
        e1_0.Status,
        e1_0.Updated_Date,
        e1_0.User_Id,
        e1_0.Waitlist_Order 
    from
        Enrollment e1_0 
    where
        e1_0.Course_No=? 
        and e1_0.Status=? 
    order by
        e1_0.Waitlist_Order 
    limit
        ?
2026-04-29T15:01:51.200+09:00 TRACE 34094 --- [   scheduling-1] org.hibernate.orm.jdbc.bind              : binding parameter (1:BIGINT) <- [1]
2026-04-29T15:01:51.200+09:00 TRACE 34094 --- [   scheduling-1] org.hibernate.orm.jdbc.bind              : binding parameter (2:ENUM) <- [WAITLISTED]
2026-04-29T15:01:51.200+09:00 TRACE 34094 --- [   scheduling-1] org.hibernate.orm.jdbc.bind              : binding parameter (3:INTEGER) <- [1]
2026-04-29T15:01:51.483+09:00 DEBUG 34094 --- [    Test worker] org.hibernate.SQL                        : 
    select
        u1_0.User_Id,
        u1_0.Created_Date,
        u1_0.Del_Date,
        u1_0.Name,
        u1_0.Role,
        u1_0.Updated_Date 
    from
        User u1_0 
    where
        u1_0.User_Id=? 
        and u1_0.Del_Date is null
Hibernate: 
    select
        u1_0.User_Id,
        u1_0.Created_Date,
        u1_0.Del_Date,
        u1_0.Name,
        u1_0.Role,
        u1_0.Updated_Date 
    from
        User u1_0 
    where
        u1_0.User_Id=? 
        and u1_0.Del_Date is null
2026-04-29T15:01:51.484+09:00 TRACE 34094 --- [    Test worker] org.hibernate.orm.jdbc.bind              : binding parameter (1:VARCHAR) <- [kim_creat1]
2026-04-29T15:01:51.491+09:00 DEBUG 34094 --- [    Test worker] org.hibernate.SQL                        : 
    insert 
    into
        Course
        (Created_Date, Del_Date, Description, End_Date, Max_Capacity, Price, Start_Date, Status, Title, Updated_Date, User_Id, Version) 
    values
        (?, ?, ?, ?, ?, ?, ?, ?, ?, ?, ?, ?)
Hibernate: 
    insert 
    into
        Course
        (Created_Date, Del_Date, Description, End_Date, Max_Capacity, Price, Start_Date, Status, Title, Updated_Date, User_Id, Version) 
    values
        (?, ?, ?, ?, ?, ?, ?, ?, ?, ?, ?, ?)
2026-04-29T15:01:51.492+09:00 TRACE 34094 --- [    Test worker] org.hibernate.orm.jdbc.bind              : binding parameter (1:TIMESTAMP) <- [2026-04-29T15:01:51.488022]
2026-04-29T15:01:51.492+09:00 TRACE 34094 --- [    Test worker] org.hibernate.orm.jdbc.bind              : binding parameter (2:TIMESTAMP) <- [null]
2026-04-29T15:01:51.492+09:00 TRACE 34094 --- [    Test worker] org.hibernate.orm.jdbc.bind              : binding parameter (3:VARCHAR) <- [테스트 설명]
2026-04-29T15:01:51.492+09:00 TRACE 34094 --- [    Test worker] org.hibernate.orm.jdbc.bind              : binding parameter (4:TIMESTAMP) <- [2026-05-29T15:01:51.482614]
2026-04-29T15:01:51.492+09:00 TRACE 34094 --- [    Test worker] org.hibernate.orm.jdbc.bind              : binding parameter (5:INTEGER) <- [3]
2026-04-29T15:01:51.492+09:00 TRACE 34094 --- [    Test worker] org.hibernate.orm.jdbc.bind              : binding parameter (6:INTEGER) <- [10000]
2026-04-29T15:01:51.492+09:00 TRACE 34094 --- [    Test worker] org.hibernate.orm.jdbc.bind              : binding parameter (7:TIMESTAMP) <- [2026-04-30T15:01:51.482596]
2026-04-29T15:01:51.492+09:00 TRACE 34094 --- [    Test worker] org.hibernate.orm.jdbc.bind              : binding parameter (8:ENUM) <- [DRAFT]
2026-04-29T15:01:51.492+09:00 TRACE 34094 --- [    Test worker] org.hibernate.orm.jdbc.bind              : binding parameter (9:VARCHAR) <- [테스트 강의]
2026-04-29T15:01:51.492+09:00 TRACE 34094 --- [    Test worker] org.hibernate.orm.jdbc.bind              : binding parameter (10:TIMESTAMP) <- [null]
2026-04-29T15:01:51.493+09:00 TRACE 34094 --- [    Test worker] org.hibernate.orm.jdbc.bind              : binding parameter (11:VARCHAR) <- [kim_creat1]
2026-04-29T15:01:51.493+09:00 TRACE 34094 --- [    Test worker] org.hibernate.orm.jdbc.bind              : binding parameter (12:INTEGER) <- [0]
2026-04-29T15:01:51.506+09:00 DEBUG 34094 --- [    Test worker] org.hibernate.SQL                        : 
    select
        u1_0.User_Id,
        u1_0.Created_Date,
        u1_0.Del_Date,
        u1_0.Name,
        u1_0.Role,
        u1_0.Updated_Date 
    from
        User u1_0 
    where
        u1_0.User_Id=? 
        and u1_0.Del_Date is null
Hibernate: 
    select
        u1_0.User_Id,
        u1_0.Created_Date,
        u1_0.Del_Date,
        u1_0.Name,
        u1_0.Role,
        u1_0.Updated_Date 
    from
        User u1_0 
    where
        u1_0.User_Id=? 
        and u1_0.Del_Date is null
2026-04-29T15:01:51.508+09:00 TRACE 34094 --- [    Test worker] org.hibernate.orm.jdbc.bind              : binding parameter (1:VARCHAR) <- [kim_creat1]
2026-04-29T15:01:51.513+09:00 DEBUG 34094 --- [    Test worker] org.hibernate.SQL                        : 
    select
        c1_0.Course_No,
        c1_0.Created_Date,
        c1_0.Del_Date,
        c1_0.Description,
        c1_0.End_Date,
        c1_0.Max_Capacity,
        c1_0.Price,
        c1_0.Start_Date,
        c1_0.Status,
        c1_0.Title,
        c1_0.Updated_Date,
        c1_0.User_Id,
        c1_0.Version 
    from
        Course c1_0 
    where
        c1_0.Course_No=? 
        and c1_0.Del_Date is null
Hibernate: 
    select
        c1_0.Course_No,
        c1_0.Created_Date,
        c1_0.Del_Date,
        c1_0.Description,
        c1_0.End_Date,
        c1_0.Max_Capacity,
        c1_0.Price,
        c1_0.Start_Date,
        c1_0.Status,
        c1_0.Title,
        c1_0.Updated_Date,
        c1_0.User_Id,
        c1_0.Version 
    from
        Course c1_0 
    where
        c1_0.Course_No=? 
        and c1_0.Del_Date is null
2026-04-29T15:01:51.513+09:00 TRACE 34094 --- [    Test worker] org.hibernate.orm.jdbc.bind              : binding parameter (1:BIGINT) <- [2]
2026-04-29T15:01:51.519+09:00 DEBUG 34094 --- [    Test worker] org.hibernate.SQL                        : 
    select
        count(e1_0.Enrollment_No) 
    from
        Enrollment e1_0 
    where
        e1_0.Course_No=? 
        and e1_0.Status=?
Hibernate: 
    select
        count(e1_0.Enrollment_No) 
    from
        Enrollment e1_0 
    where
        e1_0.Course_No=? 
        and e1_0.Status=?
2026-04-29T15:01:51.520+09:00 TRACE 34094 --- [    Test worker] org.hibernate.orm.jdbc.bind              : binding parameter (1:BIGINT) <- [2]
2026-04-29T15:01:51.520+09:00 TRACE 34094 --- [    Test worker] org.hibernate.orm.jdbc.bind              : binding parameter (2:ENUM) <- [CONFIRMED]
2026-04-29T15:01:51.554+09:00 DEBUG 34094 --- [    Test worker] org.hibernate.SQL                        : 
    select
        u1_0.User_Id,
        u1_0.Created_Date,
        u1_0.Del_Date,
        u1_0.Name,
        u1_0.Role,
        u1_0.Updated_Date 
    from
        User u1_0 
    where
        u1_0.User_Id=? 
        and u1_0.Del_Date is null
Hibernate: 
    select
        u1_0.User_Id,
        u1_0.Created_Date,
        u1_0.Del_Date,
        u1_0.Name,
        u1_0.Role,
        u1_0.Updated_Date 
    from
        User u1_0 
    where
        u1_0.User_Id=? 
        and u1_0.Del_Date is null
2026-04-29T15:01:51.555+09:00 TRACE 34094 --- [    Test worker] org.hibernate.orm.jdbc.bind              : binding parameter (1:VARCHAR) <- [kim_creat1]
2026-04-29T15:01:51.556+09:00 DEBUG 34094 --- [    Test worker] org.hibernate.SQL                        : 
    insert 
    into
        Course
        (Created_Date, Del_Date, Description, End_Date, Max_Capacity, Price, Start_Date, Status, Title, Updated_Date, User_Id, Version) 
    values
        (?, ?, ?, ?, ?, ?, ?, ?, ?, ?, ?, ?)
Hibernate: 
    insert 
    into
        Course
        (Created_Date, Del_Date, Description, End_Date, Max_Capacity, Price, Start_Date, Status, Title, Updated_Date, User_Id, Version) 
    values
        (?, ?, ?, ?, ?, ?, ?, ?, ?, ?, ?, ?)
2026-04-29T15:01:51.556+09:00 TRACE 34094 --- [    Test worker] org.hibernate.orm.jdbc.bind              : binding parameter (1:TIMESTAMP) <- [2026-04-29T15:01:51.555976]
2026-04-29T15:01:51.556+09:00 TRACE 34094 --- [    Test worker] org.hibernate.orm.jdbc.bind              : binding parameter (2:TIMESTAMP) <- [null]
2026-04-29T15:01:51.556+09:00 TRACE 34094 --- [    Test worker] org.hibernate.orm.jdbc.bind              : binding parameter (3:VARCHAR) <- [테스트 설명]
2026-04-29T15:01:51.556+09:00 TRACE 34094 --- [    Test worker] org.hibernate.orm.jdbc.bind              : binding parameter (4:TIMESTAMP) <- [2026-05-29T15:01:51.554153]
2026-04-29T15:01:51.556+09:00 TRACE 34094 --- [    Test worker] org.hibernate.orm.jdbc.bind              : binding parameter (5:INTEGER) <- [3]
2026-04-29T15:01:51.556+09:00 TRACE 34094 --- [    Test worker] org.hibernate.orm.jdbc.bind              : binding parameter (6:INTEGER) <- [10000]
2026-04-29T15:01:51.556+09:00 TRACE 34094 --- [    Test worker] org.hibernate.orm.jdbc.bind              : binding parameter (7:TIMESTAMP) <- [2026-04-30T15:01:51.554139]
2026-04-29T15:01:51.556+09:00 TRACE 34094 --- [    Test worker] org.hibernate.orm.jdbc.bind              : binding parameter (8:ENUM) <- [DRAFT]
2026-04-29T15:01:51.556+09:00 TRACE 34094 --- [    Test worker] org.hibernate.orm.jdbc.bind              : binding parameter (9:VARCHAR) <- [테스트 강의]
2026-04-29T15:01:51.556+09:00 TRACE 34094 --- [    Test worker] org.hibernate.orm.jdbc.bind              : binding parameter (10:TIMESTAMP) <- [null]
2026-04-29T15:01:51.556+09:00 TRACE 34094 --- [    Test worker] org.hibernate.orm.jdbc.bind              : binding parameter (11:VARCHAR) <- [kim_creat1]
2026-04-29T15:01:51.557+09:00 TRACE 34094 --- [    Test worker] org.hibernate.orm.jdbc.bind              : binding parameter (12:INTEGER) <- [0]
2026-04-29T15:01:51.558+09:00 DEBUG 34094 --- [    Test worker] org.hibernate.SQL                        : 
    select
        u1_0.User_Id,
        u1_0.Created_Date,
        u1_0.Del_Date,
        u1_0.Name,
        u1_0.Role,
        u1_0.Updated_Date 
    from
        User u1_0 
    where
        u1_0.User_Id=? 
        and u1_0.Del_Date is null
Hibernate: 
    select
        u1_0.User_Id,
        u1_0.Created_Date,
        u1_0.Del_Date,
        u1_0.Name,
        u1_0.Role,
        u1_0.Updated_Date 
    from
        User u1_0 
    where
        u1_0.User_Id=? 
        and u1_0.Del_Date is null
2026-04-29T15:01:51.559+09:00 TRACE 34094 --- [    Test worker] org.hibernate.orm.jdbc.bind              : binding parameter (1:VARCHAR) <- [lee_creat1]
2026-04-29T15:01:51.560+09:00 DEBUG 34094 --- [    Test worker] org.hibernate.SQL                        : 
    select
        c1_0.Course_No,
        c1_0.Created_Date,
        c1_0.Del_Date,
        c1_0.Description,
        c1_0.End_Date,
        c1_0.Max_Capacity,
        c1_0.Price,
        c1_0.Start_Date,
        c1_0.Status,
        c1_0.Title,
        c1_0.Updated_Date,
        c1_0.User_Id,
        c1_0.Version 
    from
        Course c1_0 
    where
        c1_0.Course_No=? 
        and c1_0.Del_Date is null
Hibernate: 
    select
        c1_0.Course_No,
        c1_0.Created_Date,
        c1_0.Del_Date,
        c1_0.Description,
        c1_0.End_Date,
        c1_0.Max_Capacity,
        c1_0.Price,
        c1_0.Start_Date,
        c1_0.Status,
        c1_0.Title,
        c1_0.Updated_Date,
        c1_0.User_Id,
        c1_0.Version 
    from
        Course c1_0 
    where
        c1_0.Course_No=? 
        and c1_0.Del_Date is null
2026-04-29T15:01:51.560+09:00 TRACE 34094 --- [    Test worker] org.hibernate.orm.jdbc.bind              : binding parameter (1:BIGINT) <- [3]
2026-04-29T15:01:51.567+09:00 DEBUG 34094 --- [    Test worker] org.hibernate.SQL                        : 
    select
        u1_0.User_Id,
        u1_0.Created_Date,
        u1_0.Del_Date,
        u1_0.Name,
        u1_0.Role,
        u1_0.Updated_Date 
    from
        User u1_0 
    where
        u1_0.User_Id=? 
        and u1_0.Del_Date is null
Hibernate: 
    select
        u1_0.User_Id,
        u1_0.Created_Date,
        u1_0.Del_Date,
        u1_0.Name,
        u1_0.Role,
        u1_0.Updated_Date 
    from
        User u1_0 
    where
        u1_0.User_Id=? 
        and u1_0.Del_Date is null
2026-04-29T15:01:51.567+09:00 TRACE 34094 --- [    Test worker] org.hibernate.orm.jdbc.bind              : binding parameter (1:VARCHAR) <- [unknown_user]
2026-04-29T15:01:51.574+09:00 DEBUG 34094 --- [    Test worker] org.hibernate.SQL                        : 
    select
        u1_0.User_Id,
        u1_0.Created_Date,
        u1_0.Del_Date,
        u1_0.Name,
        u1_0.Role,
        u1_0.Updated_Date 
    from
        User u1_0 
    where
        u1_0.User_Id=? 
        and u1_0.Del_Date is null
Hibernate: 
    select
        u1_0.User_Id,
        u1_0.Created_Date,
        u1_0.Del_Date,
        u1_0.Name,
        u1_0.Role,
        u1_0.Updated_Date 
    from
        User u1_0 
    where
        u1_0.User_Id=? 
        and u1_0.Del_Date is null
2026-04-29T15:01:51.574+09:00 TRACE 34094 --- [    Test worker] org.hibernate.orm.jdbc.bind              : binding parameter (1:VARCHAR) <- [kim_creat1]
2026-04-29T15:01:51.575+09:00 DEBUG 34094 --- [    Test worker] org.hibernate.SQL                        : 
    insert 
    into
        Course
        (Created_Date, Del_Date, Description, End_Date, Max_Capacity, Price, Start_Date, Status, Title, Updated_Date, User_Id, Version) 
    values
        (?, ?, ?, ?, ?, ?, ?, ?, ?, ?, ?, ?)
Hibernate: 
    insert 
    into
        Course
        (Created_Date, Del_Date, Description, End_Date, Max_Capacity, Price, Start_Date, Status, Title, Updated_Date, User_Id, Version) 
    values
        (?, ?, ?, ?, ?, ?, ?, ?, ?, ?, ?, ?)
2026-04-29T15:01:51.575+09:00 TRACE 34094 --- [    Test worker] org.hibernate.orm.jdbc.bind              : binding parameter (1:TIMESTAMP) <- [2026-04-29T15:01:51.575227]
2026-04-29T15:01:51.575+09:00 TRACE 34094 --- [    Test worker] org.hibernate.orm.jdbc.bind              : binding parameter (2:TIMESTAMP) <- [null]
2026-04-29T15:01:51.575+09:00 TRACE 34094 --- [    Test worker] org.hibernate.orm.jdbc.bind              : binding parameter (3:VARCHAR) <- [테스트 설명]
2026-04-29T15:01:51.576+09:00 TRACE 34094 --- [    Test worker] org.hibernate.orm.jdbc.bind              : binding parameter (4:TIMESTAMP) <- [2026-05-29T15:01:51.573807]
2026-04-29T15:01:51.576+09:00 TRACE 34094 --- [    Test worker] org.hibernate.orm.jdbc.bind              : binding parameter (5:INTEGER) <- [3]
2026-04-29T15:01:51.576+09:00 TRACE 34094 --- [    Test worker] org.hibernate.orm.jdbc.bind              : binding parameter (6:INTEGER) <- [10000]
2026-04-29T15:01:51.576+09:00 TRACE 34094 --- [    Test worker] org.hibernate.orm.jdbc.bind              : binding parameter (7:TIMESTAMP) <- [2026-04-30T15:01:51.573797]
2026-04-29T15:01:51.576+09:00 TRACE 34094 --- [    Test worker] org.hibernate.orm.jdbc.bind              : binding parameter (8:ENUM) <- [DRAFT]
2026-04-29T15:01:51.576+09:00 TRACE 34094 --- [    Test worker] org.hibernate.orm.jdbc.bind              : binding parameter (9:VARCHAR) <- [테스트 강의]
2026-04-29T15:01:51.576+09:00 TRACE 34094 --- [    Test worker] org.hibernate.orm.jdbc.bind              : binding parameter (10:TIMESTAMP) <- [null]
2026-04-29T15:01:51.576+09:00 TRACE 34094 --- [    Test worker] org.hibernate.orm.jdbc.bind              : binding parameter (11:VARCHAR) <- [kim_creat1]
2026-04-29T15:01:51.576+09:00 TRACE 34094 --- [    Test worker] org.hibernate.orm.jdbc.bind              : binding parameter (12:INTEGER) <- [0]
2026-04-29T15:01:51.577+09:00 DEBUG 34094 --- [    Test worker] org.hibernate.SQL                        : 
    select
        u1_0.User_Id,
        u1_0.Created_Date,
        u1_0.Del_Date,
        u1_0.Name,
        u1_0.Role,
        u1_0.Updated_Date 
    from
        User u1_0 
    where
        u1_0.User_Id=? 
        and u1_0.Del_Date is null
Hibernate: 
    select
        u1_0.User_Id,
        u1_0.Created_Date,
        u1_0.Del_Date,
        u1_0.Name,
        u1_0.Role,
        u1_0.Updated_Date 
    from
        User u1_0 
    where
        u1_0.User_Id=? 
        and u1_0.Del_Date is null
2026-04-29T15:01:51.578+09:00 TRACE 34094 --- [    Test worker] org.hibernate.orm.jdbc.bind              : binding parameter (1:VARCHAR) <- [kim_creat1]
2026-04-29T15:01:51.579+09:00 DEBUG 34094 --- [    Test worker] org.hibernate.SQL                        : 
    select
        c1_0.Course_No,
        c1_0.Created_Date,
        c1_0.Del_Date,
        c1_0.Description,
        c1_0.End_Date,
        c1_0.Max_Capacity,
        c1_0.Price,
        c1_0.Start_Date,
        c1_0.Status,
        c1_0.Title,
        c1_0.Updated_Date,
        c1_0.User_Id,
        c1_0.Version 
    from
        Course c1_0 
    where
        c1_0.Course_No=? 
        and c1_0.Del_Date is null
Hibernate: 
    select
        c1_0.Course_No,
        c1_0.Created_Date,
        c1_0.Del_Date,
        c1_0.Description,
        c1_0.End_Date,
        c1_0.Max_Capacity,
        c1_0.Price,
        c1_0.Start_Date,
        c1_0.Status,
        c1_0.Title,
        c1_0.Updated_Date,
        c1_0.User_Id,
        c1_0.Version 
    from
        Course c1_0 
    where
        c1_0.Course_No=? 
        and c1_0.Del_Date is null
2026-04-29T15:01:51.580+09:00 TRACE 34094 --- [    Test worker] org.hibernate.orm.jdbc.bind              : binding parameter (1:BIGINT) <- [4]
2026-04-29T15:01:51.581+09:00 DEBUG 34094 --- [    Test worker] org.hibernate.SQL                        : 
    select
        count(e1_0.Enrollment_No) 
    from
        Enrollment e1_0 
    where
        e1_0.Course_No=? 
        and e1_0.Status=?
Hibernate: 
    select
        count(e1_0.Enrollment_No) 
    from
        Enrollment e1_0 
    where
        e1_0.Course_No=? 
        and e1_0.Status=?
2026-04-29T15:01:51.581+09:00 TRACE 34094 --- [    Test worker] org.hibernate.orm.jdbc.bind              : binding parameter (1:BIGINT) <- [4]
2026-04-29T15:01:51.582+09:00 TRACE 34094 --- [    Test worker] org.hibernate.orm.jdbc.bind              : binding parameter (2:ENUM) <- [CONFIRMED]
2026-04-29T15:01:51.584+09:00 DEBUG 34094 --- [    Test worker] org.hibernate.SQL                        : 
    update
        Course 
    set
        Del_Date=?,
        Description=?,
        End_Date=?,
        Max_Capacity=?,
        Price=?,
        Start_Date=?,
        Status=?,
        Title=?,
        Updated_Date=?,
        User_Id=?,
        Version=? 
    where
        Course_No=? 
        and Version=?
Hibernate: 
    update
        Course 
    set
        Del_Date=?,
        Description=?,
        End_Date=?,
        Max_Capacity=?,
        Price=?,
        Start_Date=?,
        Status=?,
        Title=?,
        Updated_Date=?,
        User_Id=?,
        Version=? 
    where
        Course_No=? 
        and Version=?
2026-04-29T15:01:51.584+09:00 TRACE 34094 --- [    Test worker] org.hibernate.orm.jdbc.bind              : binding parameter (1:TIMESTAMP) <- [null]
2026-04-29T15:01:51.584+09:00 TRACE 34094 --- [    Test worker] org.hibernate.orm.jdbc.bind              : binding parameter (2:VARCHAR) <- [테스트 설명]
2026-04-29T15:01:51.584+09:00 TRACE 34094 --- [    Test worker] org.hibernate.orm.jdbc.bind              : binding parameter (3:TIMESTAMP) <- [2026-05-29T15:01:51.573807]
2026-04-29T15:01:51.584+09:00 TRACE 34094 --- [    Test worker] org.hibernate.orm.jdbc.bind              : binding parameter (4:INTEGER) <- [3]
2026-04-29T15:01:51.584+09:00 TRACE 34094 --- [    Test worker] org.hibernate.orm.jdbc.bind              : binding parameter (5:INTEGER) <- [10000]
2026-04-29T15:01:51.584+09:00 TRACE 34094 --- [    Test worker] org.hibernate.orm.jdbc.bind              : binding parameter (6:TIMESTAMP) <- [2026-04-30T15:01:51.573797]
2026-04-29T15:01:51.584+09:00 TRACE 34094 --- [    Test worker] org.hibernate.orm.jdbc.bind              : binding parameter (7:ENUM) <- [OPEN]
2026-04-29T15:01:51.584+09:00 TRACE 34094 --- [    Test worker] org.hibernate.orm.jdbc.bind              : binding parameter (8:VARCHAR) <- [테스트 강의]
2026-04-29T15:01:51.584+09:00 TRACE 34094 --- [    Test worker] org.hibernate.orm.jdbc.bind              : binding parameter (9:TIMESTAMP) <- [2026-04-29T15:01:51.581339]
2026-04-29T15:01:51.584+09:00 TRACE 34094 --- [    Test worker] org.hibernate.orm.jdbc.bind              : binding parameter (10:VARCHAR) <- [kim_creat1]
2026-04-29T15:01:51.584+09:00 TRACE 34094 --- [    Test worker] org.hibernate.orm.jdbc.bind              : binding parameter (11:INTEGER) <- [1]
2026-04-29T15:01:51.584+09:00 TRACE 34094 --- [    Test worker] org.hibernate.orm.jdbc.bind              : binding parameter (12:BIGINT) <- [4]
2026-04-29T15:01:51.584+09:00 TRACE 34094 --- [    Test worker] org.hibernate.orm.jdbc.bind              : binding parameter (13:INTEGER) <- [0]
2026-04-29T15:01:51.585+09:00 DEBUG 34094 --- [    Test worker] org.hibernate.SQL                        : 
    select
        c1_0.Course_No,
        c1_0.Created_Date,
        c1_0.Del_Date,
        c1_0.Description,
        c1_0.End_Date,
        c1_0.Max_Capacity,
        c1_0.Price,
        c1_0.Start_Date,
        c1_0.Status,
        c1_0.Title,
        c1_0.Updated_Date,
        c1_0.User_Id,
        c1_0.Version 
    from
        Course c1_0 
    where
        c1_0.Status=? 
        and c1_0.Del_Date is null 
    limit
        ?, ?
Hibernate: 
    select
        c1_0.Course_No,
        c1_0.Created_Date,
        c1_0.Del_Date,
        c1_0.Description,
        c1_0.End_Date,
        c1_0.Max_Capacity,
        c1_0.Price,
        c1_0.Start_Date,
        c1_0.Status,
        c1_0.Title,
        c1_0.Updated_Date,
        c1_0.User_Id,
        c1_0.Version 
    from
        Course c1_0 
    where
        c1_0.Status=? 
        and c1_0.Del_Date is null 
    limit
        ?, ?
2026-04-29T15:01:51.586+09:00 TRACE 34094 --- [    Test worker] org.hibernate.orm.jdbc.bind              : binding parameter (1:ENUM) <- [OPEN]
2026-04-29T15:01:51.586+09:00 TRACE 34094 --- [    Test worker] org.hibernate.orm.jdbc.bind              : binding parameter (2:INTEGER) <- [0]
2026-04-29T15:01:51.586+09:00 TRACE 34094 --- [    Test worker] org.hibernate.orm.jdbc.bind              : binding parameter (3:INTEGER) <- [10]
2026-04-29T15:01:51.589+09:00 DEBUG 34094 --- [    Test worker] org.hibernate.SQL                        : 
    select
        count(e1_0.Enrollment_No) 
    from
        Enrollment e1_0 
    where
        e1_0.Course_No=? 
        and e1_0.Status=?
Hibernate: 
    select
        count(e1_0.Enrollment_No) 
    from
        Enrollment e1_0 
    where
        e1_0.Course_No=? 
        and e1_0.Status=?
2026-04-29T15:01:51.589+09:00 TRACE 34094 --- [    Test worker] org.hibernate.orm.jdbc.bind              : binding parameter (1:BIGINT) <- [1]
2026-04-29T15:01:51.589+09:00 TRACE 34094 --- [    Test worker] org.hibernate.orm.jdbc.bind              : binding parameter (2:ENUM) <- [CONFIRMED]
2026-04-29T15:01:51.590+09:00 DEBUG 34094 --- [    Test worker] org.hibernate.SQL                        : 
    select
        count(e1_0.Enrollment_No) 
    from
        Enrollment e1_0 
    where
        e1_0.Course_No=? 
        and e1_0.Status=?
Hibernate: 
    select
        count(e1_0.Enrollment_No) 
    from
        Enrollment e1_0 
    where
        e1_0.Course_No=? 
        and e1_0.Status=?
2026-04-29T15:01:51.591+09:00 TRACE 34094 --- [    Test worker] org.hibernate.orm.jdbc.bind              : binding parameter (1:BIGINT) <- [4]
2026-04-29T15:01:51.591+09:00 TRACE 34094 --- [    Test worker] org.hibernate.orm.jdbc.bind              : binding parameter (2:ENUM) <- [CONFIRMED]
2026-04-29T15:01:51.598+09:00 DEBUG 34094 --- [    Test worker] org.hibernate.SQL                        : 
    select
        u1_0.User_Id,
        u1_0.Created_Date,
        u1_0.Del_Date,
        u1_0.Name,
        u1_0.Role,
        u1_0.Updated_Date 
    from
        User u1_0 
    where
        u1_0.User_Id=? 
        and u1_0.Del_Date is null
Hibernate: 
    select
        u1_0.User_Id,
        u1_0.Created_Date,
        u1_0.Del_Date,
        u1_0.Name,
        u1_0.Role,
        u1_0.Updated_Date 
    from
        User u1_0 
    where
        u1_0.User_Id=? 
        and u1_0.Del_Date is null
2026-04-29T15:01:51.598+09:00 TRACE 34094 --- [    Test worker] org.hibernate.orm.jdbc.bind              : binding parameter (1:VARCHAR) <- [kim_creat1]
2026-04-29T15:01:51.599+09:00 DEBUG 34094 --- [    Test worker] org.hibernate.SQL                        : 
    insert 
    into
        Course
        (Created_Date, Del_Date, Description, End_Date, Max_Capacity, Price, Start_Date, Status, Title, Updated_Date, User_Id, Version) 
    values
        (?, ?, ?, ?, ?, ?, ?, ?, ?, ?, ?, ?)
Hibernate: 
    insert 
    into
        Course
        (Created_Date, Del_Date, Description, End_Date, Max_Capacity, Price, Start_Date, Status, Title, Updated_Date, User_Id, Version) 
    values
        (?, ?, ?, ?, ?, ?, ?, ?, ?, ?, ?, ?)
2026-04-29T15:01:51.600+09:00 TRACE 34094 --- [    Test worker] org.hibernate.orm.jdbc.bind              : binding parameter (1:TIMESTAMP) <- [2026-04-29T15:01:51.599575]
2026-04-29T15:01:51.600+09:00 TRACE 34094 --- [    Test worker] org.hibernate.orm.jdbc.bind              : binding parameter (2:TIMESTAMP) <- [null]
2026-04-29T15:01:51.600+09:00 TRACE 34094 --- [    Test worker] org.hibernate.orm.jdbc.bind              : binding parameter (3:VARCHAR) <- [테스트 설명]
2026-04-29T15:01:51.600+09:00 TRACE 34094 --- [    Test worker] org.hibernate.orm.jdbc.bind              : binding parameter (4:TIMESTAMP) <- [2026-05-29T15:01:51.598095]
2026-04-29T15:01:51.600+09:00 TRACE 34094 --- [    Test worker] org.hibernate.orm.jdbc.bind              : binding parameter (5:INTEGER) <- [3]
2026-04-29T15:01:51.600+09:00 TRACE 34094 --- [    Test worker] org.hibernate.orm.jdbc.bind              : binding parameter (6:INTEGER) <- [10000]
2026-04-29T15:01:51.600+09:00 TRACE 34094 --- [    Test worker] org.hibernate.orm.jdbc.bind              : binding parameter (7:TIMESTAMP) <- [2026-04-30T15:01:51.598084]
2026-04-29T15:01:51.600+09:00 TRACE 34094 --- [    Test worker] org.hibernate.orm.jdbc.bind              : binding parameter (8:ENUM) <- [DRAFT]
2026-04-29T15:01:51.600+09:00 TRACE 34094 --- [    Test worker] org.hibernate.orm.jdbc.bind              : binding parameter (9:VARCHAR) <- [테스트 강의]
2026-04-29T15:01:51.600+09:00 TRACE 34094 --- [    Test worker] org.hibernate.orm.jdbc.bind              : binding parameter (10:TIMESTAMP) <- [null]
2026-04-29T15:01:51.600+09:00 TRACE 34094 --- [    Test worker] org.hibernate.orm.jdbc.bind              : binding parameter (11:VARCHAR) <- [kim_creat1]
2026-04-29T15:01:51.600+09:00 TRACE 34094 --- [    Test worker] org.hibernate.orm.jdbc.bind              : binding parameter (12:INTEGER) <- [0]
2026-04-29T15:01:51.601+09:00 DEBUG 34094 --- [    Test worker] org.hibernate.SQL                        : 
    select
        u1_0.User_Id,
        u1_0.Created_Date,
        u1_0.Del_Date,
        u1_0.Name,
        u1_0.Role,
        u1_0.Updated_Date 
    from
        User u1_0 
    where
        u1_0.User_Id=? 
        and u1_0.Del_Date is null
Hibernate: 
    select
        u1_0.User_Id,
        u1_0.Created_Date,
        u1_0.Del_Date,
        u1_0.Name,
        u1_0.Role,
        u1_0.Updated_Date 
    from
        User u1_0 
    where
        u1_0.User_Id=? 
        and u1_0.Del_Date is null
2026-04-29T15:01:51.601+09:00 TRACE 34094 --- [    Test worker] org.hibernate.orm.jdbc.bind              : binding parameter (1:VARCHAR) <- [kim_creat1]
2026-04-29T15:01:51.602+09:00 DEBUG 34094 --- [    Test worker] org.hibernate.SQL                        : 
    select
        c1_0.Course_No,
        c1_0.Created_Date,
        c1_0.Del_Date,
        c1_0.Description,
        c1_0.End_Date,
        c1_0.Max_Capacity,
        c1_0.Price,
        c1_0.Start_Date,
        c1_0.Status,
        c1_0.Title,
        c1_0.Updated_Date,
        c1_0.User_Id,
        c1_0.Version 
    from
        Course c1_0 
    where
        c1_0.Course_No=? 
        and c1_0.Del_Date is null
Hibernate: 
    select
        c1_0.Course_No,
        c1_0.Created_Date,
        c1_0.Del_Date,
        c1_0.Description,
        c1_0.End_Date,
        c1_0.Max_Capacity,
        c1_0.Price,
        c1_0.Start_Date,
        c1_0.Status,
        c1_0.Title,
        c1_0.Updated_Date,
        c1_0.User_Id,
        c1_0.Version 
    from
        Course c1_0 
    where
        c1_0.Course_No=? 
        and c1_0.Del_Date is null
2026-04-29T15:01:51.603+09:00 TRACE 34094 --- [    Test worker] org.hibernate.orm.jdbc.bind              : binding parameter (1:BIGINT) <- [5]
2026-04-29T15:01:51.620+09:00 DEBUG 34094 --- [    Test worker] org.hibernate.SQL                        : 
    select
        u1_0.User_Id,
        u1_0.Created_Date,
        u1_0.Del_Date,
        u1_0.Name,
        u1_0.Role,
        u1_0.Updated_Date 
    from
        User u1_0 
    where
        u1_0.User_Id=? 
        and u1_0.Del_Date is null
Hibernate: 
    select
        u1_0.User_Id,
        u1_0.Created_Date,
        u1_0.Del_Date,
        u1_0.Name,
        u1_0.Role,
        u1_0.Updated_Date 
    from
        User u1_0 
    where
        u1_0.User_Id=? 
        and u1_0.Del_Date is null
2026-04-29T15:01:51.620+09:00 TRACE 34094 --- [    Test worker] org.hibernate.orm.jdbc.bind              : binding parameter (1:VARCHAR) <- [jung_class1]
2026-04-29T15:01:51.627+09:00 DEBUG 34094 --- [    Test worker] org.hibernate.SQL                        : 
    select
        u1_0.User_Id,
        u1_0.Created_Date,
        u1_0.Del_Date,
        u1_0.Name,
        u1_0.Role,
        u1_0.Updated_Date 
    from
        User u1_0 
    where
        u1_0.User_Id=? 
        and u1_0.Del_Date is null
Hibernate: 
    select
        u1_0.User_Id,
        u1_0.Created_Date,
        u1_0.Del_Date,
        u1_0.Name,
        u1_0.Role,
        u1_0.Updated_Date 
    from
        User u1_0 
    where
        u1_0.User_Id=? 
        and u1_0.Del_Date is null
2026-04-29T15:01:51.627+09:00 TRACE 34094 --- [    Test worker] org.hibernate.orm.jdbc.bind              : binding parameter (1:VARCHAR) <- [kim_creat1]
2026-04-29T15:01:51.629+09:00 DEBUG 34094 --- [    Test worker] org.hibernate.SQL                        : 
    insert 
    into
        Course
        (Created_Date, Del_Date, Description, End_Date, Max_Capacity, Price, Start_Date, Status, Title, Updated_Date, User_Id, Version) 
    values
        (?, ?, ?, ?, ?, ?, ?, ?, ?, ?, ?, ?)
Hibernate: 
    insert 
    into
        Course
        (Created_Date, Del_Date, Description, End_Date, Max_Capacity, Price, Start_Date, Status, Title, Updated_Date, User_Id, Version) 
    values
        (?, ?, ?, ?, ?, ?, ?, ?, ?, ?, ?, ?)
2026-04-29T15:01:51.629+09:00 TRACE 34094 --- [    Test worker] org.hibernate.orm.jdbc.bind              : binding parameter (1:TIMESTAMP) <- [2026-04-29T15:01:51.629055]
2026-04-29T15:01:51.629+09:00 TRACE 34094 --- [    Test worker] org.hibernate.orm.jdbc.bind              : binding parameter (2:TIMESTAMP) <- [null]
2026-04-29T15:01:51.629+09:00 TRACE 34094 --- [    Test worker] org.hibernate.orm.jdbc.bind              : binding parameter (3:VARCHAR) <- [테스트 설명]
2026-04-29T15:01:51.629+09:00 TRACE 34094 --- [    Test worker] org.hibernate.orm.jdbc.bind              : binding parameter (4:TIMESTAMP) <- [2026-05-29T15:01:51.627021]
2026-04-29T15:01:51.629+09:00 TRACE 34094 --- [    Test worker] org.hibernate.orm.jdbc.bind              : binding parameter (5:INTEGER) <- [3]
2026-04-29T15:01:51.629+09:00 TRACE 34094 --- [    Test worker] org.hibernate.orm.jdbc.bind              : binding parameter (6:INTEGER) <- [10000]
2026-04-29T15:01:51.629+09:00 TRACE 34094 --- [    Test worker] org.hibernate.orm.jdbc.bind              : binding parameter (7:TIMESTAMP) <- [2026-04-30T15:01:51.627010]
2026-04-29T15:01:51.629+09:00 TRACE 34094 --- [    Test worker] org.hibernate.orm.jdbc.bind              : binding parameter (8:ENUM) <- [DRAFT]
2026-04-29T15:01:51.629+09:00 TRACE 34094 --- [    Test worker] org.hibernate.orm.jdbc.bind              : binding parameter (9:VARCHAR) <- [테스트 강의]
2026-04-29T15:01:51.629+09:00 TRACE 34094 --- [    Test worker] org.hibernate.orm.jdbc.bind              : binding parameter (10:TIMESTAMP) <- [null]
2026-04-29T15:01:51.629+09:00 TRACE 34094 --- [    Test worker] org.hibernate.orm.jdbc.bind              : binding parameter (11:VARCHAR) <- [kim_creat1]
2026-04-29T15:01:51.629+09:00 TRACE 34094 --- [    Test worker] org.hibernate.orm.jdbc.bind              : binding parameter (12:INTEGER) <- [0]
2026-04-29T15:01:51.632+09:00 DEBUG 34094 --- [    Test worker] org.hibernate.SQL                        : 
    select
        u1_0.User_Id,
        u1_0.Created_Date,
        u1_0.Del_Date,
        u1_0.Name,
        u1_0.Role,
        u1_0.Updated_Date 
    from
        User u1_0 
    where
        u1_0.User_Id=? 
        and u1_0.Del_Date is null
Hibernate: 
    select
        u1_0.User_Id,
        u1_0.Created_Date,
        u1_0.Del_Date,
        u1_0.Name,
        u1_0.Role,
        u1_0.Updated_Date 
    from
        User u1_0 
    where
        u1_0.User_Id=? 
        and u1_0.Del_Date is null
2026-04-29T15:01:51.632+09:00 TRACE 34094 --- [    Test worker] org.hibernate.orm.jdbc.bind              : binding parameter (1:VARCHAR) <- [lee_creat1]
2026-04-29T15:01:51.634+09:00 DEBUG 34094 --- [    Test worker] org.hibernate.SQL                        : 
    insert 
    into
        Course
        (Created_Date, Del_Date, Description, End_Date, Max_Capacity, Price, Start_Date, Status, Title, Updated_Date, User_Id, Version) 
    values
        (?, ?, ?, ?, ?, ?, ?, ?, ?, ?, ?, ?)
Hibernate: 
    insert 
    into
        Course
        (Created_Date, Del_Date, Description, End_Date, Max_Capacity, Price, Start_Date, Status, Title, Updated_Date, User_Id, Version) 
    values
        (?, ?, ?, ?, ?, ?, ?, ?, ?, ?, ?, ?)
2026-04-29T15:01:51.634+09:00 TRACE 34094 --- [    Test worker] org.hibernate.orm.jdbc.bind              : binding parameter (1:TIMESTAMP) <- [2026-04-29T15:01:51.634066]
2026-04-29T15:01:51.634+09:00 TRACE 34094 --- [    Test worker] org.hibernate.orm.jdbc.bind              : binding parameter (2:TIMESTAMP) <- [null]
2026-04-29T15:01:51.635+09:00 TRACE 34094 --- [    Test worker] org.hibernate.orm.jdbc.bind              : binding parameter (3:VARCHAR) <- [테스트 설명]
2026-04-29T15:01:51.635+09:00 TRACE 34094 --- [    Test worker] org.hibernate.orm.jdbc.bind              : binding parameter (4:TIMESTAMP) <- [2026-05-29T15:01:51.631024]
2026-04-29T15:01:51.635+09:00 TRACE 34094 --- [    Test worker] org.hibernate.orm.jdbc.bind              : binding parameter (5:INTEGER) <- [5]
2026-04-29T15:01:51.635+09:00 TRACE 34094 --- [    Test worker] org.hibernate.orm.jdbc.bind              : binding parameter (6:INTEGER) <- [10000]
2026-04-29T15:01:51.635+09:00 TRACE 34094 --- [    Test worker] org.hibernate.orm.jdbc.bind              : binding parameter (7:TIMESTAMP) <- [2026-04-30T15:01:51.631012]
2026-04-29T15:01:51.635+09:00 TRACE 34094 --- [    Test worker] org.hibernate.orm.jdbc.bind              : binding parameter (8:ENUM) <- [DRAFT]
2026-04-29T15:01:51.635+09:00 TRACE 34094 --- [    Test worker] org.hibernate.orm.jdbc.bind              : binding parameter (9:VARCHAR) <- [테스트 강의]
2026-04-29T15:01:51.635+09:00 TRACE 34094 --- [    Test worker] org.hibernate.orm.jdbc.bind              : binding parameter (10:TIMESTAMP) <- [null]
2026-04-29T15:01:51.635+09:00 TRACE 34094 --- [    Test worker] org.hibernate.orm.jdbc.bind              : binding parameter (11:VARCHAR) <- [lee_creat1]
2026-04-29T15:01:51.635+09:00 TRACE 34094 --- [    Test worker] org.hibernate.orm.jdbc.bind              : binding parameter (12:INTEGER) <- [0]
2026-04-29T15:01:51.639+09:00 DEBUG 34094 --- [    Test worker] org.hibernate.SQL                        : 
    select
        c1_0.Course_No,
        c1_0.Created_Date,
        c1_0.Del_Date,
        c1_0.Description,
        c1_0.End_Date,
        c1_0.Max_Capacity,
        c1_0.Price,
        c1_0.Start_Date,
        c1_0.Status,
        c1_0.Title,
        c1_0.Updated_Date,
        c1_0.User_Id,
        c1_0.Version 
    from
        Course c1_0 
    where
        c1_0.Del_Date is null 
    limit
        ?, ?
Hibernate: 
    select
        c1_0.Course_No,
        c1_0.Created_Date,
        c1_0.Del_Date,
        c1_0.Description,
        c1_0.End_Date,
        c1_0.Max_Capacity,
        c1_0.Price,
        c1_0.Start_Date,
        c1_0.Status,
        c1_0.Title,
        c1_0.Updated_Date,
        c1_0.User_Id,
        c1_0.Version 
    from
        Course c1_0 
    where
        c1_0.Del_Date is null 
    limit
        ?, ?
2026-04-29T15:01:51.640+09:00 TRACE 34094 --- [    Test worker] org.hibernate.orm.jdbc.bind              : binding parameter (1:INTEGER) <- [0]
2026-04-29T15:01:51.640+09:00 TRACE 34094 --- [    Test worker] org.hibernate.orm.jdbc.bind              : binding parameter (2:INTEGER) <- [10]
2026-04-29T15:01:51.642+09:00 DEBUG 34094 --- [    Test worker] org.hibernate.SQL                        : 
    select
        count(e1_0.Enrollment_No) 
    from
        Enrollment e1_0 
    where
        e1_0.Course_No=? 
        and e1_0.Status=?
Hibernate: 
    select
        count(e1_0.Enrollment_No) 
    from
        Enrollment e1_0 
    where
        e1_0.Course_No=? 
        and e1_0.Status=?
2026-04-29T15:01:51.643+09:00 TRACE 34094 --- [    Test worker] org.hibernate.orm.jdbc.bind              : binding parameter (1:BIGINT) <- [1]
2026-04-29T15:01:51.643+09:00 TRACE 34094 --- [    Test worker] org.hibernate.orm.jdbc.bind              : binding parameter (2:ENUM) <- [CONFIRMED]
2026-04-29T15:01:51.644+09:00 DEBUG 34094 --- [    Test worker] org.hibernate.SQL                        : 
    select
        count(e1_0.Enrollment_No) 
    from
        Enrollment e1_0 
    where
        e1_0.Course_No=? 
        and e1_0.Status=?
Hibernate: 
    select
        count(e1_0.Enrollment_No) 
    from
        Enrollment e1_0 
    where
        e1_0.Course_No=? 
        and e1_0.Status=?
2026-04-29T15:01:51.644+09:00 TRACE 34094 --- [    Test worker] org.hibernate.orm.jdbc.bind              : binding parameter (1:BIGINT) <- [6]
2026-04-29T15:01:51.644+09:00 TRACE 34094 --- [    Test worker] org.hibernate.orm.jdbc.bind              : binding parameter (2:ENUM) <- [CONFIRMED]
2026-04-29T15:01:51.646+09:00 DEBUG 34094 --- [    Test worker] org.hibernate.SQL                        : 
    select
        count(e1_0.Enrollment_No) 
    from
        Enrollment e1_0 
    where
        e1_0.Course_No=? 
        and e1_0.Status=?
Hibernate: 
    select
        count(e1_0.Enrollment_No) 
    from
        Enrollment e1_0 
    where
        e1_0.Course_No=? 
        and e1_0.Status=?
2026-04-29T15:01:51.646+09:00 TRACE 34094 --- [    Test worker] org.hibernate.orm.jdbc.bind              : binding parameter (1:BIGINT) <- [7]
2026-04-29T15:01:51.646+09:00 TRACE 34094 --- [    Test worker] org.hibernate.orm.jdbc.bind              : binding parameter (2:ENUM) <- [CONFIRMED]
2026-04-29T15:01:51.653+09:00 DEBUG 34094 --- [    Test worker] org.hibernate.SQL                        : 
    select
        u1_0.User_Id,
        u1_0.Created_Date,
        u1_0.Del_Date,
        u1_0.Name,
        u1_0.Role,
        u1_0.Updated_Date 
    from
        User u1_0 
    where
        u1_0.User_Id=? 
        and u1_0.Del_Date is null
Hibernate: 
    select
        u1_0.User_Id,
        u1_0.Created_Date,
        u1_0.Del_Date,
        u1_0.Name,
        u1_0.Role,
        u1_0.Updated_Date 
    from
        User u1_0 
    where
        u1_0.User_Id=? 
        and u1_0.Del_Date is null
2026-04-29T15:01:51.654+09:00 TRACE 34094 --- [    Test worker] org.hibernate.orm.jdbc.bind              : binding parameter (1:VARCHAR) <- [kim_creat1]
2026-04-29T15:01:51.655+09:00 DEBUG 34094 --- [    Test worker] org.hibernate.SQL                        : 
    insert 
    into
        Course
        (Created_Date, Del_Date, Description, End_Date, Max_Capacity, Price, Start_Date, Status, Title, Updated_Date, User_Id, Version) 
    values
        (?, ?, ?, ?, ?, ?, ?, ?, ?, ?, ?, ?)
Hibernate: 
    insert 
    into
        Course
        (Created_Date, Del_Date, Description, End_Date, Max_Capacity, Price, Start_Date, Status, Title, Updated_Date, User_Id, Version) 
    values
        (?, ?, ?, ?, ?, ?, ?, ?, ?, ?, ?, ?)
2026-04-29T15:01:51.655+09:00 TRACE 34094 --- [    Test worker] org.hibernate.orm.jdbc.bind              : binding parameter (1:TIMESTAMP) <- [2026-04-29T15:01:51.654974]
2026-04-29T15:01:51.655+09:00 TRACE 34094 --- [    Test worker] org.hibernate.orm.jdbc.bind              : binding parameter (2:TIMESTAMP) <- [null]
2026-04-29T15:01:51.655+09:00 TRACE 34094 --- [    Test worker] org.hibernate.orm.jdbc.bind              : binding parameter (3:VARCHAR) <- [테스트 설명]
2026-04-29T15:01:51.655+09:00 TRACE 34094 --- [    Test worker] org.hibernate.orm.jdbc.bind              : binding parameter (4:TIMESTAMP) <- [2026-05-29T15:01:51.653240]
2026-04-29T15:01:51.655+09:00 TRACE 34094 --- [    Test worker] org.hibernate.orm.jdbc.bind              : binding parameter (5:INTEGER) <- [3]
2026-04-29T15:01:51.655+09:00 TRACE 34094 --- [    Test worker] org.hibernate.orm.jdbc.bind              : binding parameter (6:INTEGER) <- [10000]
2026-04-29T15:01:51.655+09:00 TRACE 34094 --- [    Test worker] org.hibernate.orm.jdbc.bind              : binding parameter (7:TIMESTAMP) <- [2026-04-30T15:01:51.653224]
2026-04-29T15:01:51.655+09:00 TRACE 34094 --- [    Test worker] org.hibernate.orm.jdbc.bind              : binding parameter (8:ENUM) <- [DRAFT]
2026-04-29T15:01:51.655+09:00 TRACE 34094 --- [    Test worker] org.hibernate.orm.jdbc.bind              : binding parameter (9:VARCHAR) <- [테스트 강의]
2026-04-29T15:01:51.656+09:00 TRACE 34094 --- [    Test worker] org.hibernate.orm.jdbc.bind              : binding parameter (10:TIMESTAMP) <- [null]
2026-04-29T15:01:51.657+09:00 TRACE 34094 --- [    Test worker] org.hibernate.orm.jdbc.bind              : binding parameter (11:VARCHAR) <- [kim_creat1]
2026-04-29T15:01:51.657+09:00 TRACE 34094 --- [    Test worker] org.hibernate.orm.jdbc.bind              : binding parameter (12:INTEGER) <- [0]
2026-04-29T15:01:51.665+09:00 DEBUG 34094 --- [    Test worker] org.hibernate.SQL                        : 
    select
        u1_0.User_Id,
        u1_0.Created_Date,
        u1_0.Del_Date,
        u1_0.Name,
        u1_0.Role,
        u1_0.Updated_Date 
    from
        User u1_0 
    where
        u1_0.User_Id=? 
        and u1_0.Del_Date is null
Hibernate: 
    select
        u1_0.User_Id,
        u1_0.Created_Date,
        u1_0.Del_Date,
        u1_0.Name,
        u1_0.Role,
        u1_0.Updated_Date 
    from
        User u1_0 
    where
        u1_0.User_Id=? 
        and u1_0.Del_Date is null
2026-04-29T15:01:51.665+09:00 TRACE 34094 --- [    Test worker] org.hibernate.orm.jdbc.bind              : binding parameter (1:VARCHAR) <- [kim_creat1]
2026-04-29T15:01:51.666+09:00 DEBUG 34094 --- [    Test worker] org.hibernate.SQL                        : 
    insert 
    into
        Course
        (Created_Date, Del_Date, Description, End_Date, Max_Capacity, Price, Start_Date, Status, Title, Updated_Date, User_Id, Version) 
    values
        (?, ?, ?, ?, ?, ?, ?, ?, ?, ?, ?, ?)
Hibernate: 
    insert 
    into
        Course
        (Created_Date, Del_Date, Description, End_Date, Max_Capacity, Price, Start_Date, Status, Title, Updated_Date, User_Id, Version) 
    values
        (?, ?, ?, ?, ?, ?, ?, ?, ?, ?, ?, ?)
2026-04-29T15:01:51.667+09:00 TRACE 34094 --- [    Test worker] org.hibernate.orm.jdbc.bind              : binding parameter (1:TIMESTAMP) <- [2026-04-29T15:01:51.666582]
2026-04-29T15:01:51.667+09:00 TRACE 34094 --- [    Test worker] org.hibernate.orm.jdbc.bind              : binding parameter (2:TIMESTAMP) <- [null]
2026-04-29T15:01:51.667+09:00 TRACE 34094 --- [    Test worker] org.hibernate.orm.jdbc.bind              : binding parameter (3:VARCHAR) <- [테스트 설명]
2026-04-29T15:01:51.667+09:00 TRACE 34094 --- [    Test worker] org.hibernate.orm.jdbc.bind              : binding parameter (4:TIMESTAMP) <- [2026-05-29T15:01:51.664876]
2026-04-29T15:01:51.667+09:00 TRACE 34094 --- [    Test worker] org.hibernate.orm.jdbc.bind              : binding parameter (5:INTEGER) <- [3]
2026-04-29T15:01:51.667+09:00 TRACE 34094 --- [    Test worker] org.hibernate.orm.jdbc.bind              : binding parameter (6:INTEGER) <- [10000]
2026-04-29T15:01:51.667+09:00 TRACE 34094 --- [    Test worker] org.hibernate.orm.jdbc.bind              : binding parameter (7:TIMESTAMP) <- [2026-04-30T15:01:51.664862]
2026-04-29T15:01:51.667+09:00 TRACE 34094 --- [    Test worker] org.hibernate.orm.jdbc.bind              : binding parameter (8:ENUM) <- [DRAFT]
2026-04-29T15:01:51.667+09:00 TRACE 34094 --- [    Test worker] org.hibernate.orm.jdbc.bind              : binding parameter (9:VARCHAR) <- [테스트 강의]
2026-04-29T15:01:51.667+09:00 TRACE 34094 --- [    Test worker] org.hibernate.orm.jdbc.bind              : binding parameter (10:TIMESTAMP) <- [null]
2026-04-29T15:01:51.667+09:00 TRACE 34094 --- [    Test worker] org.hibernate.orm.jdbc.bind              : binding parameter (11:VARCHAR) <- [kim_creat1]
2026-04-29T15:01:51.667+09:00 TRACE 34094 --- [    Test worker] org.hibernate.orm.jdbc.bind              : binding parameter (12:INTEGER) <- [0]
2026-04-29T15:01:51.674+09:00 DEBUG 34094 --- [    Test worker] org.hibernate.SQL                        : 
    select
        u1_0.User_Id,
        u1_0.Created_Date,
        u1_0.Del_Date,
        u1_0.Name,
        u1_0.Role,
        u1_0.Updated_Date 
    from
        User u1_0 
    where
        u1_0.User_Id=? 
        and u1_0.Del_Date is null
Hibernate: 
    select
        u1_0.User_Id,
        u1_0.Created_Date,
        u1_0.Del_Date,
        u1_0.Name,
        u1_0.Role,
        u1_0.Updated_Date 
    from
        User u1_0 
    where
        u1_0.User_Id=? 
        and u1_0.Del_Date is null
2026-04-29T15:01:51.674+09:00 TRACE 34094 --- [    Test worker] org.hibernate.orm.jdbc.bind              : binding parameter (1:VARCHAR) <- [kim_creat1]
2026-04-29T15:01:51.676+09:00 DEBUG 34094 --- [    Test worker] org.hibernate.SQL                        : 
    select
        c1_0.Course_No,
        c1_0.Created_Date,
        c1_0.Del_Date,
        c1_0.Description,
        c1_0.End_Date,
        c1_0.Max_Capacity,
        c1_0.Price,
        c1_0.Start_Date,
        c1_0.Status,
        c1_0.Title,
        c1_0.Updated_Date,
        c1_0.User_Id,
        c1_0.Version 
    from
        Course c1_0 
    where
        c1_0.Course_No=? 
        and c1_0.Del_Date is null
Hibernate: 
    select
        c1_0.Course_No,
        c1_0.Created_Date,
        c1_0.Del_Date,
        c1_0.Description,
        c1_0.End_Date,
        c1_0.Max_Capacity,
        c1_0.Price,
        c1_0.Start_Date,
        c1_0.Status,
        c1_0.Title,
        c1_0.Updated_Date,
        c1_0.User_Id,
        c1_0.Version 
    from
        Course c1_0 
    where
        c1_0.Course_No=? 
        and c1_0.Del_Date is null
2026-04-29T15:01:51.677+09:00 TRACE 34094 --- [    Test worker] org.hibernate.orm.jdbc.bind              : binding parameter (1:BIGINT) <- [9]
2026-04-29T15:01:51.680+09:00 DEBUG 34094 --- [    Test worker] org.hibernate.SQL                        : 
    select
        count(e1_0.Enrollment_No) 
    from
        Enrollment e1_0 
    where
        e1_0.Course_No=? 
        and e1_0.Status=?
Hibernate: 
    select
        count(e1_0.Enrollment_No) 
    from
        Enrollment e1_0 
    where
        e1_0.Course_No=? 
        and e1_0.Status=?
2026-04-29T15:01:51.680+09:00 TRACE 34094 --- [    Test worker] org.hibernate.orm.jdbc.bind              : binding parameter (1:BIGINT) <- [9]
2026-04-29T15:01:51.680+09:00 TRACE 34094 --- [    Test worker] org.hibernate.orm.jdbc.bind              : binding parameter (2:ENUM) <- [CONFIRMED]
2026-04-29T15:01:51.682+09:00 DEBUG 34094 --- [    Test worker] org.hibernate.SQL                        : 
    select
        u1_0.User_Id,
        u1_0.Created_Date,
        u1_0.Del_Date,
        u1_0.Name,
        u1_0.Role,
        u1_0.Updated_Date 
    from
        User u1_0 
    where
        u1_0.User_Id=? 
        and u1_0.Del_Date is null
Hibernate: 
    select
        u1_0.User_Id,
        u1_0.Created_Date,
        u1_0.Del_Date,
        u1_0.Name,
        u1_0.Role,
        u1_0.Updated_Date 
    from
        User u1_0 
    where
        u1_0.User_Id=? 
        and u1_0.Del_Date is null
2026-04-29T15:01:51.682+09:00 TRACE 34094 --- [    Test worker] org.hibernate.orm.jdbc.bind              : binding parameter (1:VARCHAR) <- [kim_creat1]
2026-04-29T15:01:51.683+09:00 DEBUG 34094 --- [    Test worker] org.hibernate.SQL                        : 
    update
        Course 
    set
        Del_Date=?,
        Description=?,
        End_Date=?,
        Max_Capacity=?,
        Price=?,
        Start_Date=?,
        Status=?,
        Title=?,
        Updated_Date=?,
        User_Id=?,
        Version=? 
    where
        Course_No=? 
        and Version=?
Hibernate: 
    update
        Course 
    set
        Del_Date=?,
        Description=?,
        End_Date=?,
        Max_Capacity=?,
        Price=?,
        Start_Date=?,
        Status=?,
        Title=?,
        Updated_Date=?,
        User_Id=?,
        Version=? 
    where
        Course_No=? 
        and Version=?
2026-04-29T15:01:51.684+09:00 TRACE 34094 --- [    Test worker] org.hibernate.orm.jdbc.bind              : binding parameter (1:TIMESTAMP) <- [null]
2026-04-29T15:01:51.684+09:00 TRACE 34094 --- [    Test worker] org.hibernate.orm.jdbc.bind              : binding parameter (2:VARCHAR) <- [테스트 설명]
2026-04-29T15:01:51.684+09:00 TRACE 34094 --- [    Test worker] org.hibernate.orm.jdbc.bind              : binding parameter (3:TIMESTAMP) <- [2026-05-29T15:01:51.664876]
2026-04-29T15:01:51.684+09:00 TRACE 34094 --- [    Test worker] org.hibernate.orm.jdbc.bind              : binding parameter (4:INTEGER) <- [3]
2026-04-29T15:01:51.684+09:00 TRACE 34094 --- [    Test worker] org.hibernate.orm.jdbc.bind              : binding parameter (5:INTEGER) <- [10000]
2026-04-29T15:01:51.684+09:00 TRACE 34094 --- [    Test worker] org.hibernate.orm.jdbc.bind              : binding parameter (6:TIMESTAMP) <- [2026-04-30T15:01:51.664862]
2026-04-29T15:01:51.684+09:00 TRACE 34094 --- [    Test worker] org.hibernate.orm.jdbc.bind              : binding parameter (7:ENUM) <- [OPEN]
2026-04-29T15:01:51.684+09:00 TRACE 34094 --- [    Test worker] org.hibernate.orm.jdbc.bind              : binding parameter (8:VARCHAR) <- [테스트 강의]
2026-04-29T15:01:51.684+09:00 TRACE 34094 --- [    Test worker] org.hibernate.orm.jdbc.bind              : binding parameter (9:TIMESTAMP) <- [2026-04-29T15:01:51.680038]
2026-04-29T15:01:51.684+09:00 TRACE 34094 --- [    Test worker] org.hibernate.orm.jdbc.bind              : binding parameter (10:VARCHAR) <- [kim_creat1]
2026-04-29T15:01:51.684+09:00 TRACE 34094 --- [    Test worker] org.hibernate.orm.jdbc.bind              : binding parameter (11:INTEGER) <- [1]
2026-04-29T15:01:51.684+09:00 TRACE 34094 --- [    Test worker] org.hibernate.orm.jdbc.bind              : binding parameter (12:BIGINT) <- [9]
2026-04-29T15:01:51.684+09:00 TRACE 34094 --- [    Test worker] org.hibernate.orm.jdbc.bind              : binding parameter (13:INTEGER) <- [0]
2026-04-29T15:01:51.685+09:00 DEBUG 34094 --- [    Test worker] org.hibernate.SQL                        : 
    select
        c1_0.Course_No,
        c1_0.Created_Date,
        c1_0.Del_Date,
        c1_0.Description,
        c1_0.End_Date,
        c1_0.Max_Capacity,
        c1_0.Price,
        c1_0.Start_Date,
        c1_0.Status,
        c1_0.Title,
        c1_0.Updated_Date,
        c1_0.User_Id,
        c1_0.Version 
    from
        Course c1_0 
    where
        c1_0.Course_No=? 
        and c1_0.Del_Date is null
Hibernate: 
    select
        c1_0.Course_No,
        c1_0.Created_Date,
        c1_0.Del_Date,
        c1_0.Description,
        c1_0.End_Date,
        c1_0.Max_Capacity,
        c1_0.Price,
        c1_0.Start_Date,
        c1_0.Status,
        c1_0.Title,
        c1_0.Updated_Date,
        c1_0.User_Id,
        c1_0.Version 
    from
        Course c1_0 
    where
        c1_0.Course_No=? 
        and c1_0.Del_Date is null
2026-04-29T15:01:51.685+09:00 TRACE 34094 --- [    Test worker] org.hibernate.orm.jdbc.bind              : binding parameter (1:BIGINT) <- [9]
2026-04-29T15:01:51.687+09:00 DEBUG 34094 --- [    Test worker] org.hibernate.SQL                        : 
    select
        count(e1_0.Enrollment_No) 
    from
        Enrollment e1_0 
    where
        e1_0.Course_No=? 
        and e1_0.Status=?
Hibernate: 
    select
        count(e1_0.Enrollment_No) 
    from
        Enrollment e1_0 
    where
        e1_0.Course_No=? 
        and e1_0.Status=?
2026-04-29T15:01:51.687+09:00 TRACE 34094 --- [    Test worker] org.hibernate.orm.jdbc.bind              : binding parameter (1:BIGINT) <- [9]
2026-04-29T15:01:51.687+09:00 TRACE 34094 --- [    Test worker] org.hibernate.orm.jdbc.bind              : binding parameter (2:ENUM) <- [CONFIRMED]
2026-04-29T15:01:51.691+09:00 DEBUG 34094 --- [    Test worker] org.hibernate.SQL                        : 
    select
        c1_0.Course_No,
        c1_0.Created_Date,
        c1_0.Del_Date,
        c1_0.Description,
        c1_0.End_Date,
        c1_0.Max_Capacity,
        c1_0.Price,
        c1_0.Start_Date,
        c1_0.Status,
        c1_0.Title,
        c1_0.Updated_Date,
        c1_0.User_Id,
        c1_0.Version 
    from
        Course c1_0 
    where
        c1_0.Course_No=? 
        and c1_0.Del_Date is null
Hibernate: 
    select
        c1_0.Course_No,
        c1_0.Created_Date,
        c1_0.Del_Date,
        c1_0.Description,
        c1_0.End_Date,
        c1_0.Max_Capacity,
        c1_0.Price,
        c1_0.Start_Date,
        c1_0.Status,
        c1_0.Title,
        c1_0.Updated_Date,
        c1_0.User_Id,
        c1_0.Version 
    from
        Course c1_0 
    where
        c1_0.Course_No=? 
        and c1_0.Del_Date is null
2026-04-29T15:01:51.692+09:00 TRACE 34094 --- [    Test worker] org.hibernate.orm.jdbc.bind              : binding parameter (1:BIGINT) <- [999]
2026-04-29T15:01:51.695+09:00 DEBUG 34094 --- [    Test worker] org.hibernate.SQL                        : 
    select
        u1_0.User_Id,
        u1_0.Created_Date,
        u1_0.Del_Date,
        u1_0.Name,
        u1_0.Role,
        u1_0.Updated_Date 
    from
        User u1_0 
    where
        u1_0.User_Id=? 
        and u1_0.Del_Date is null
Hibernate: 
    select
        u1_0.User_Id,
        u1_0.Created_Date,
        u1_0.Del_Date,
        u1_0.Name,
        u1_0.Role,
        u1_0.Updated_Date 
    from
        User u1_0 
    where
        u1_0.User_Id=? 
        and u1_0.Del_Date is null
2026-04-29T15:01:51.695+09:00 TRACE 34094 --- [    Test worker] org.hibernate.orm.jdbc.bind              : binding parameter (1:VARCHAR) <- [kim_creat1]
2026-04-29T15:01:51.696+09:00 DEBUG 34094 --- [    Test worker] org.hibernate.SQL                        : 
    insert 
    into
        Course
        (Created_Date, Del_Date, Description, End_Date, Max_Capacity, Price, Start_Date, Status, Title, Updated_Date, User_Id, Version) 
    values
        (?, ?, ?, ?, ?, ?, ?, ?, ?, ?, ?, ?)
Hibernate: 
    insert 
    into
        Course
        (Created_Date, Del_Date, Description, End_Date, Max_Capacity, Price, Start_Date, Status, Title, Updated_Date, User_Id, Version) 
    values
        (?, ?, ?, ?, ?, ?, ?, ?, ?, ?, ?, ?)
2026-04-29T15:01:51.697+09:00 TRACE 34094 --- [    Test worker] org.hibernate.orm.jdbc.bind              : binding parameter (1:TIMESTAMP) <- [2026-04-29T15:01:51.696459]
2026-04-29T15:01:51.697+09:00 TRACE 34094 --- [    Test worker] org.hibernate.orm.jdbc.bind              : binding parameter (2:TIMESTAMP) <- [null]
2026-04-29T15:01:51.697+09:00 TRACE 34094 --- [    Test worker] org.hibernate.orm.jdbc.bind              : binding parameter (3:VARCHAR) <- [테스트 설명]
2026-04-29T15:01:51.697+09:00 TRACE 34094 --- [    Test worker] org.hibernate.orm.jdbc.bind              : binding parameter (4:TIMESTAMP) <- [2026-05-29T15:01:51.695110]
2026-04-29T15:01:51.697+09:00 TRACE 34094 --- [    Test worker] org.hibernate.orm.jdbc.bind              : binding parameter (5:INTEGER) <- [3]
2026-04-29T15:01:51.697+09:00 TRACE 34094 --- [    Test worker] org.hibernate.orm.jdbc.bind              : binding parameter (6:INTEGER) <- [10000]
2026-04-29T15:01:51.697+09:00 TRACE 34094 --- [    Test worker] org.hibernate.orm.jdbc.bind              : binding parameter (7:TIMESTAMP) <- [2026-04-30T15:01:51.695100]
2026-04-29T15:01:51.697+09:00 TRACE 34094 --- [    Test worker] org.hibernate.orm.jdbc.bind              : binding parameter (8:ENUM) <- [DRAFT]
2026-04-29T15:01:51.697+09:00 TRACE 34094 --- [    Test worker] org.hibernate.orm.jdbc.bind              : binding parameter (9:VARCHAR) <- [테스트 강의]
2026-04-29T15:01:51.697+09:00 TRACE 34094 --- [    Test worker] org.hibernate.orm.jdbc.bind              : binding parameter (10:TIMESTAMP) <- [null]
2026-04-29T15:01:51.697+09:00 TRACE 34094 --- [    Test worker] org.hibernate.orm.jdbc.bind              : binding parameter (11:VARCHAR) <- [kim_creat1]
2026-04-29T15:01:51.697+09:00 TRACE 34094 --- [    Test worker] org.hibernate.orm.jdbc.bind              : binding parameter (12:INTEGER) <- [0]
2026-04-29T15:01:51.699+09:00 DEBUG 34094 --- [    Test worker] org.hibernate.SQL                        : 
    select
        c1_0.Course_No,
        c1_0.Created_Date,
        c1_0.Del_Date,
        c1_0.Description,
        c1_0.End_Date,
        c1_0.Max_Capacity,
        c1_0.Price,
        c1_0.Start_Date,
        c1_0.Status,
        c1_0.Title,
        c1_0.Updated_Date,
        c1_0.User_Id,
        c1_0.Version 
    from
        Course c1_0 
    where
        c1_0.Course_No=? 
        and c1_0.Del_Date is null
Hibernate: 
    select
        c1_0.Course_No,
        c1_0.Created_Date,
        c1_0.Del_Date,
        c1_0.Description,
        c1_0.End_Date,
        c1_0.Max_Capacity,
        c1_0.Price,
        c1_0.Start_Date,
        c1_0.Status,
        c1_0.Title,
        c1_0.Updated_Date,
        c1_0.User_Id,
        c1_0.Version 
    from
        Course c1_0 
    where
        c1_0.Course_No=? 
        and c1_0.Del_Date is null
2026-04-29T15:01:51.699+09:00 TRACE 34094 --- [    Test worker] org.hibernate.orm.jdbc.bind              : binding parameter (1:BIGINT) <- [10]
2026-04-29T15:01:51.700+09:00 DEBUG 34094 --- [    Test worker] org.hibernate.SQL                        : 
    select
        count(e1_0.Enrollment_No) 
    from
        Enrollment e1_0 
    where
        e1_0.Course_No=? 
        and e1_0.Status=?
Hibernate: 
    select
        count(e1_0.Enrollment_No) 
    from
        Enrollment e1_0 
    where
        e1_0.Course_No=? 
        and e1_0.Status=?
2026-04-29T15:01:51.700+09:00 TRACE 34094 --- [    Test worker] org.hibernate.orm.jdbc.bind              : binding parameter (1:BIGINT) <- [10]
2026-04-29T15:01:51.700+09:00 TRACE 34094 --- [    Test worker] org.hibernate.orm.jdbc.bind              : binding parameter (2:ENUM) <- [CONFIRMED]
]]></system-out>
  <system-err><![CDATA[]]></system-err>
</testsuite>
